<?xml version="1.0" encoding="UTF-8"?>
<testsuites>
    <testsuite name="error-message-if-date-of-birth-conflicts-with-crime-date;date-of-birth-conflicts-with-date-of-crime" tests="4" failures="1" skipped="0">
        <properties>
            <property name="@MVP-test-1" value="true">
            </property>
            <property name="URI" value="c:/CicaOnline/q-definitions/features/Error message if date of birth conflicts with crime date.feature">
            </property>
        </properties>
        <testcase name="Given I am on p-applicant-enter-your-date-of-birth" classname="error-message-if-date-of-birth-conflicts-with-crime-date;date-of-birth-conflicts-with-date-of-crime" time="3.793347802">
        </testcase>
        <testcase name="When The date entered for q-applicant-enter-your-date-of-birth falls after the date entered for q-applicant-when-did-crime-happen" classname="error-message-if-date-of-birth-conflicts-with-crime-date;date-of-birth-conflicts-with-date-of-crime" time="0.002148242">
        </testcase>
        <testcase name="And I click continue" classname="error-message-if-date-of-birth-conflicts-with-crime-date;date-of-birth-conflicts-with-date-of-crime" time="0.000747952">
        </testcase>
        <testcase name="Then I will see an Date of birth must be before the date the crime happened" classname="error-message-if-date-of-birth-conflicts-with-crime-date;date-of-birth-conflicts-with-date-of-crime" time="10.377123567">
            <failure message="TimeoutError: Waiting for at least one element to be located By(partial link text, Date of birth must be before the date the crime happened)">TimeoutError: Waiting for at least one element to be located By(partial link text, Date of birth must be before the date the crime happened)
Wait timed out after 10003ms
    at c:\CicaOnline\selenium-cucumber-webdriver\node_modules\selenium-webdriver\lib\promise.js:2209:17
    at ManagedPromise.invokeCallback_ (c:\CicaOnline\selenium-cucumber-webdriver\node_modules\selenium-webdriver\lib\promise.js:1384:14)
    at TaskQueue.execute_ (c:\CicaOnline\selenium-cucumber-webdriver\node_modules\selenium-webdriver\lib\promise.js:3092:14)
    at TaskQueue.executeNext_ (c:\CicaOnline\selenium-cucumber-webdriver\node_modules\selenium-webdriver\lib\promise.js:3075:27)
    at asyncRun (c:\CicaOnline\selenium-cucumber-webdriver\node_modules\selenium-webdriver\lib\promise.js:2935:27)
    at c:\CicaOnline\selenium-cucumber-webdriver\node_modules\selenium-webdriver\lib\promise.js:676:7
    at process._tickCallback (internal/process/next_tick.js:68:7)
From: Task: Waiting for at least one element to be located By(partial link text, Date of birth must be before the date the crime happened)
    at scheduleWait (c:\CicaOnline\selenium-cucumber-webdriver\node_modules\selenium-webdriver\lib\promise.js:2196:20)
    at ControlFlow.wait (c:\CicaOnline\selenium-cucumber-webdriver\node_modules\selenium-webdriver\lib\promise.js:2525:12)
    at thenableWebDriverProxy.wait (c:\CicaOnline\selenium-cucumber-webdriver\node_modules\selenium-webdriver\lib\webdriver.js:934:29)
    at createWorld.Then.error (c:\CicaOnline\q-definitions\features\step_definitions\shared-steps.js:39:16)
    at process._tickCallback (internal/process/next_tick.js:61:11)</failure>
        </testcase>
    </testsuite>
</testsuites>