<?xml version="1.0" encoding="UTF-8"?>
<testsuites>
    <testsuite name="error-messages-on-mandatory-offender-question;user-has-not-answered-a-mandatory-question" tests="3" failures="1" skipped="0">
        <properties>
            <property name="@MVP" value="true">
            </property>
            <property name="URI" value="c:/CicaOnline/q-definitions/features/Error messages on mandatory offender question.feature">
            </property>
        </properties>
        <testcase name="Given I am on p-offender-describe-contact-with-offender" classname="error-messages-on-mandatory-offender-question;user-has-not-answered-a-mandatory-question" time="3.923240155">
        </testcase>
        <testcase name="When I have not answered the q-offender-describe-contact-with-offender Or I have not answered the q-offender-i-have-no-contact-with-offender and I click continue" classname="error-messages-on-mandatory-offender-question;user-has-not-answered-a-mandatory-question" time="0.130064863">
        </testcase>
        <testcase name="Then I will see an Enter details of any contact you have with the offender" classname="error-messages-on-mandatory-offender-question;user-has-not-answered-a-mandatory-question" time="10.005351835">
            <failure message="TimeoutError: Waiting for at least one element to be located By(partial link text, Enter details of any contact you have with the offender)">TimeoutError: Waiting for at least one element to be located By(partial link text, Enter details of any contact you have with the offender)
Wait timed out after 10004ms
    at C:\CicaOnline\selenium-cucumber-webdriver\selenium-cucumber-js\node_modules\selenium-webdriver\lib\promise.js:2209:17
    at ManagedPromise.invokeCallback_ (C:\CicaOnline\selenium-cucumber-webdriver\selenium-cucumber-js\node_modules\selenium-webdriver\lib\promise.js:1384:14)
    at TaskQueue.execute_ (C:\CicaOnline\selenium-cucumber-webdriver\selenium-cucumber-js\node_modules\selenium-webdriver\lib\promise.js:3092:14)
    at TaskQueue.executeNext_ (C:\CicaOnline\selenium-cucumber-webdriver\selenium-cucumber-js\node_modules\selenium-webdriver\lib\promise.js:3075:27)
    at asyncRun (C:\CicaOnline\selenium-cucumber-webdriver\selenium-cucumber-js\node_modules\selenium-webdriver\lib\promise.js:2935:27)
    at C:\CicaOnline\selenium-cucumber-webdriver\selenium-cucumber-js\node_modules\selenium-webdriver\lib\promise.js:676:7
    at process._tickCallback (internal/process/next_tick.js:68:7)
From: Task: Waiting for at least one element to be located By(partial link text, Enter details of any contact you have with the offender)
    at scheduleWait (C:\CicaOnline\selenium-cucumber-webdriver\selenium-cucumber-js\node_modules\selenium-webdriver\lib\promise.js:2196:20)
    at ControlFlow.wait (C:\CicaOnline\selenium-cucumber-webdriver\selenium-cucumber-js\node_modules\selenium-webdriver\lib\promise.js:2525:12)
    at thenableWebDriverProxy.wait (C:\CicaOnline\selenium-cucumber-webdriver\selenium-cucumber-js\node_modules\selenium-webdriver\lib\webdriver.js:934:29)
    at createWorld.&lt;anonymous&gt; (c:\CicaOnline\q-definitions\features\step_definitions\mandatory-question-steps.js:20:23)
    at process._tickCallback (internal/process/next_tick.js:61:11)</failure>
        </testcase>
    </testsuite>
    <testsuite name="error-messages-on-mandatory-questions;user-has-not-answered-a-mandatory-question" tests="3" failures="0" skipped="0">
        <properties>
            <property name="@MVP" value="true">
            </property>
            <property name="URI" value="c:/CicaOnline/q-definitions/features/Gherkin Mandatory questions.feature">
            </property>
        </properties>
        <testcase name="Given I am on p-applicant-british-citizen-or-eu-national" classname="error-messages-on-mandatory-questions;user-has-not-answered-a-mandatory-question" time="2.763976921">
        </testcase>
        <testcase name="When I have not answered the q-applicant-british-citizen-or-eu-national and I click continue" classname="error-messages-on-mandatory-questions;user-has-not-answered-a-mandatory-question" time="0.106460962">
        </testcase>
        <testcase name="Then I will see an Select yes if you are a British citizen or EU national" classname="error-messages-on-mandatory-questions;user-has-not-answered-a-mandatory-question" time="0.031124025">
        </testcase>
    </testsuite>
    <testsuite name="error-messages-on-mandatory-questions;user-has-not-answered-a-mandatory-question" tests="3" failures="0" skipped="0">
        <properties>
            <property name="@MVP" value="true">
            </property>
            <property name="URI" value="c:/CicaOnline/q-definitions/features/Gherkin Mandatory questions.feature">
            </property>
        </properties>
        <testcase name="Given I am on p-applicant-are-you-18-or-over" classname="error-messages-on-mandatory-questions;user-has-not-answered-a-mandatory-question" time="2.814894665">
        </testcase>
        <testcase name="When I have not answered the q-applicant-are-you-18-or-over and I click continue" classname="error-messages-on-mandatory-questions;user-has-not-answered-a-mandatory-question" time="0.118523282">
        </testcase>
        <testcase name="Then I will see an Select yes if you are over 18" classname="error-messages-on-mandatory-questions;user-has-not-answered-a-mandatory-question" time="0.040117945">
        </testcase>
    </testsuite>
    <testsuite name="error-messages-on-mandatory-questions;user-has-not-answered-a-mandatory-question" tests="3" failures="0" skipped="0">
        <properties>
            <property name="@MVP" value="true">
            </property>
            <property name="URI" value="c:/CicaOnline/q-definitions/features/Gherkin Mandatory questions.feature">
            </property>
        </properties>
        <testcase name="Given I am on p-applicant-who-are-you-applying-for" classname="error-messages-on-mandatory-questions;user-has-not-answered-a-mandatory-question" time="2.805787652">
        </testcase>
        <testcase name="When I have not answered the q-applicant-who-are-you-applying-for and I click continue" classname="error-messages-on-mandatory-questions;user-has-not-answered-a-mandatory-question" time="0.109880462">
        </testcase>
        <testcase name="Then I will see an Select Myself if you are the person applying for compensation" classname="error-messages-on-mandatory-questions;user-has-not-answered-a-mandatory-question" time="0.039179279">
        </testcase>
    </testsuite>
    <testsuite name="error-messages-on-mandatory-questions;user-has-not-answered-a-mandatory-question" tests="3" failures="0" skipped="0">
        <properties>
            <property name="@MVP" value="true">
            </property>
            <property name="URI" value="c:/CicaOnline/q-definitions/features/Gherkin Mandatory questions.feature">
            </property>
        </properties>
        <testcase name="Given I am on p-applicant-were-you-a-victim-of-sexual-assault-or-abuse" classname="error-messages-on-mandatory-questions;user-has-not-answered-a-mandatory-question" time="2.83812639">
        </testcase>
        <testcase name="When I have not answered the q-applicant-were-you-a-victim-of-sexual-assault-or-abuse and I click continue" classname="error-messages-on-mandatory-questions;user-has-not-answered-a-mandatory-question" time="0.117370255">
        </testcase>
        <testcase name="Then I will see an Select yes if you were a victim of sexual assault or abuse" classname="error-messages-on-mandatory-questions;user-has-not-answered-a-mandatory-question" time="0.043205878">
        </testcase>
    </testsuite>
    <testsuite name="error-messages-on-mandatory-questions;user-has-not-answered-a-mandatory-question" tests="3" failures="0" skipped="0">
        <properties>
            <property name="@MVP" value="true">
            </property>
            <property name="URI" value="c:/CicaOnline/q-definitions/features/Gherkin Mandatory questions.feature">
            </property>
        </properties>
        <testcase name="Given I am on p-applicant-select-the-option-that-applies-to-you" classname="error-messages-on-mandatory-questions;user-has-not-answered-a-mandatory-question" time="2.84556632">
        </testcase>
        <testcase name="When I have not answered the q-applicant-option and I click continue" classname="error-messages-on-mandatory-questions;user-has-not-answered-a-mandatory-question" time="0.112777166">
        </testcase>
        <testcase name="Then I will see an Select either Option 1 or Option 2" classname="error-messages-on-mandatory-questions;user-has-not-answered-a-mandatory-question" time="0.029010226">
        </testcase>
    </testsuite>
    <testsuite name="error-messages-on-mandatory-questions;user-has-not-answered-a-mandatory-question" tests="3" failures="0" skipped="0">
        <properties>
            <property name="@MVP" value="true">
            </property>
            <property name="URI" value="c:/CicaOnline/q-definitions/features/Gherkin Mandatory questions.feature">
            </property>
        </properties>
        <testcase name="Given I am on p--was-the-crime-reported-to-police" classname="error-messages-on-mandatory-questions;user-has-not-answered-a-mandatory-question" time="2.849054189">
        </testcase>
        <testcase name="When I have not answered the q--was-the-crime-reported-to-police and I click continue" classname="error-messages-on-mandatory-questions;user-has-not-answered-a-mandatory-question" time="0.114881711">
        </testcase>
        <testcase name="Then I will see an Select yes if the crime was reported to the police" classname="error-messages-on-mandatory-questions;user-has-not-answered-a-mandatory-question" time="0.03452913">
        </testcase>
    </testsuite>
    <testsuite name="error-messages-on-mandatory-questions;user-has-not-answered-a-mandatory-question" tests="3" failures="0" skipped="0">
        <properties>
            <property name="@MVP" value="true">
            </property>
            <property name="URI" value="c:/CicaOnline/q-definitions/features/Gherkin Mandatory questions.feature">
            </property>
        </properties>
        <testcase name="Given I am on p--when-was-the-crime-reported-to-police" classname="error-messages-on-mandatory-questions;user-has-not-answered-a-mandatory-question" time="2.84006695">
        </testcase>
        <testcase name="When I have not answered the q--when-was-the-crime-reported-to-police and I click continue" classname="error-messages-on-mandatory-questions;user-has-not-answered-a-mandatory-question" time="0.118348503">
        </testcase>
        <testcase name="Then I will see an Enter the date the crime was reported to the police" classname="error-messages-on-mandatory-questions;user-has-not-answered-a-mandatory-question" time="0.039283633">
        </testcase>
    </testsuite>
    <testsuite name="error-messages-on-mandatory-questions;user-has-not-answered-a-mandatory-question" tests="3" failures="0" skipped="0">
        <properties>
            <property name="@MVP" value="true">
            </property>
            <property name="URI" value="c:/CicaOnline/q-definitions/features/Gherkin Mandatory questions.feature">
            </property>
        </properties>
        <testcase name="Given I am on p--whats-the-crime-reference-number" classname="error-messages-on-mandatory-questions;user-has-not-answered-a-mandatory-question" time="2.8154555">
        </testcase>
        <testcase name="When I have not answered the q--whats-the-crime-reference-number and I click continue" classname="error-messages-on-mandatory-questions;user-has-not-answered-a-mandatory-question" time="0.106310343">
        </testcase>
        <testcase name="Then I will see an Enter the crime reference number" classname="error-messages-on-mandatory-questions;user-has-not-answered-a-mandatory-question" time="0.028504395">
        </testcase>
    </testsuite>
    <testsuite name="error-messages-on-mandatory-questions;user-has-not-answered-a-mandatory-question" tests="3" failures="0" skipped="0">
        <properties>
            <property name="@MVP" value="true">
            </property>
            <property name="URI" value="c:/CicaOnline/q-definitions/features/Gherkin Mandatory questions.feature">
            </property>
        </properties>
        <testcase name="Given I am on p-applicant-did-the-crime-happen-once-or-over-time" classname="error-messages-on-mandatory-questions;user-has-not-answered-a-mandatory-question" time="2.814169846">
        </testcase>
        <testcase name="When I have not answered the q-applicant-did-the-crime-happen-once-or-over-time and I click continue" classname="error-messages-on-mandatory-questions;user-has-not-answered-a-mandatory-question" time="0.153778773">
        </testcase>
        <testcase name="Then I will see an Select Once or Over a period of time" classname="error-messages-on-mandatory-questions;user-has-not-answered-a-mandatory-question" time="0.048606034">
        </testcase>
    </testsuite>
    <testsuite name="error-messages-on-mandatory-questions;user-has-not-answered-a-mandatory-question" tests="3" failures="0" skipped="0">
        <properties>
            <property name="@MVP" value="true">
            </property>
            <property name="URI" value="c:/CicaOnline/q-definitions/features/Gherkin Mandatory questions.feature">
            </property>
        </properties>
        <testcase name="Given I am on p-applicant-when-did-the-crime-happen" classname="error-messages-on-mandatory-questions;user-has-not-answered-a-mandatory-question" time="2.836049604">
        </testcase>
        <testcase name="When I have not answered the q-applicant-when-did-the-crime-happen and I click continue" classname="error-messages-on-mandatory-questions;user-has-not-answered-a-mandatory-question" time="0.111842613">
        </testcase>
        <testcase name="Then I will see an Enter the date the crime happened and include a day, month and year" classname="error-messages-on-mandatory-questions;user-has-not-answered-a-mandatory-question" time="0.030875735">
        </testcase>
    </testsuite>
    <testsuite name="error-messages-on-mandatory-questions;user-has-not-answered-a-mandatory-question" tests="3" failures="0" skipped="0">
        <properties>
            <property name="@MVP" value="true">
            </property>
            <property name="URI" value="c:/CicaOnline/q-definitions/features/Gherkin Mandatory questions.feature">
            </property>
        </properties>
        <testcase name="Given I am on p-applicant-when-did-the-crime-start" classname="error-messages-on-mandatory-questions;user-has-not-answered-a-mandatory-question" time="2.837147113">
        </testcase>
        <testcase name="When I have not answered the q-applicant-when-did-the-crime-start and I click continue" classname="error-messages-on-mandatory-questions;user-has-not-answered-a-mandatory-question" time="0.100429031">
        </testcase>
        <testcase name="Then I will see an Enter the date the crime started and include a month and year" classname="error-messages-on-mandatory-questions;user-has-not-answered-a-mandatory-question" time="0.032751011">
        </testcase>
    </testsuite>
    <testsuite name="error-messages-on-mandatory-questions;user-has-not-answered-a-mandatory-question" tests="3" failures="1" skipped="0">
        <properties>
            <property name="@MVP" value="true">
            </property>
            <property name="URI" value="c:/CicaOnline/q-definitions/features/Gherkin Mandatory questions.feature">
            </property>
        </properties>
        <testcase name="Given I am on p-applicant-when-did-the-crime-stop" classname="error-messages-on-mandatory-questions;user-has-not-answered-a-mandatory-question" time="2.865809838">
        </testcase>
        <testcase name="When I have not answered the q-applicant-when-did-the-crime-stop and I click continue" classname="error-messages-on-mandatory-questions;user-has-not-answered-a-mandatory-question" time="0.128715981">
        </testcase>
        <testcase name="Then I will see an Enter the date the crime stopped and include a month and year" classname="error-messages-on-mandatory-questions;user-has-not-answered-a-mandatory-question" time="10.003879579">
            <failure message="TimeoutError: Waiting for at least one element to be located By(partial link text, Enter the date the crime stopped and include a month and year)">TimeoutError: Waiting for at least one element to be located By(partial link text, Enter the date the crime stopped and include a month and year)
Wait timed out after 10003ms
    at C:\CicaOnline\selenium-cucumber-webdriver\selenium-cucumber-js\node_modules\selenium-webdriver\lib\promise.js:2209:17
    at ManagedPromise.invokeCallback_ (C:\CicaOnline\selenium-cucumber-webdriver\selenium-cucumber-js\node_modules\selenium-webdriver\lib\promise.js:1384:14)
    at TaskQueue.execute_ (C:\CicaOnline\selenium-cucumber-webdriver\selenium-cucumber-js\node_modules\selenium-webdriver\lib\promise.js:3092:14)
    at TaskQueue.executeNext_ (C:\CicaOnline\selenium-cucumber-webdriver\selenium-cucumber-js\node_modules\selenium-webdriver\lib\promise.js:3075:27)
    at asyncRun (C:\CicaOnline\selenium-cucumber-webdriver\selenium-cucumber-js\node_modules\selenium-webdriver\lib\promise.js:2935:27)
    at C:\CicaOnline\selenium-cucumber-webdriver\selenium-cucumber-js\node_modules\selenium-webdriver\lib\promise.js:676:7
    at process._tickCallback (internal/process/next_tick.js:68:7)
From: Task: Waiting for at least one element to be located By(partial link text, Enter the date the crime stopped and include a month and year)
    at scheduleWait (C:\CicaOnline\selenium-cucumber-webdriver\selenium-cucumber-js\node_modules\selenium-webdriver\lib\promise.js:2196:20)
    at ControlFlow.wait (C:\CicaOnline\selenium-cucumber-webdriver\selenium-cucumber-js\node_modules\selenium-webdriver\lib\promise.js:2525:12)
    at thenableWebDriverProxy.wait (C:\CicaOnline\selenium-cucumber-webdriver\selenium-cucumber-js\node_modules\selenium-webdriver\lib\webdriver.js:934:29)
    at createWorld.&lt;anonymous&gt; (c:\CicaOnline\q-definitions\features\step_definitions\mandatory-question-steps.js:20:23)
    at process._tickCallback (internal/process/next_tick.js:61:11)</failure>
        </testcase>
    </testsuite>
    <testsuite name="error-messages-on-mandatory-questions;user-has-not-answered-a-mandatory-question" tests="3" failures="0" skipped="0">
        <properties>
            <property name="@MVP" value="true">
            </property>
            <property name="URI" value="c:/CicaOnline/q-definitions/features/Gherkin Mandatory questions.feature">
            </property>
        </properties>
        <testcase name="Given I am on p-applicant-select-reasons-for-the-delay-in-making-your-application" classname="error-messages-on-mandatory-questions;user-has-not-answered-a-mandatory-question" time="2.829442445">
        </testcase>
        <testcase name="When I have not answered the q-applicant-select-reasons-for-the-delay-in-making-your-application and I click continue" classname="error-messages-on-mandatory-questions;user-has-not-answered-a-mandatory-question" time="0.118596278">
        </testcase>
        <testcase name="Then I will see an Select if you were under 18, advised to wait, medical reasons or other reasons" classname="error-messages-on-mandatory-questions;user-has-not-answered-a-mandatory-question" time="0.031609807">
        </testcase>
    </testsuite>
    <testsuite name="error-messages-on-mandatory-questions;user-has-not-answered-a-mandatory-question" tests="3" failures="0" skipped="0">
        <properties>
            <property name="@MVP" value="true">
            </property>
            <property name="URI" value="c:/CicaOnline/q-definitions/features/Gherkin Mandatory questions.feature">
            </property>
        </properties>
        <testcase name="Given I am on p-applicant-select-reasons-for-the-delay-in-making-your-application" classname="error-messages-on-mandatory-questions;user-has-not-answered-a-mandatory-question" time="2.838593666">
        </testcase>
        <testcase name="When I have not answered the q-applicant-explain-reason-for-delay-application and I click continue" classname="error-messages-on-mandatory-questions;user-has-not-answered-a-mandatory-question" time="0.137722753">
        </testcase>
        <testcase name="Then I will see an Explain the reasons for the delay in making your application" classname="error-messages-on-mandatory-questions;user-has-not-answered-a-mandatory-question" time="0.033588922">
        </testcase>
    </testsuite>
    <testsuite name="error-messages-on-mandatory-questions;user-has-not-answered-a-mandatory-question" tests="3" failures="0" skipped="0">
        <properties>
            <property name="@MVP" value="true">
            </property>
            <property name="URI" value="c:/CicaOnline/q-definitions/features/Gherkin Mandatory questions.feature">
            </property>
        </properties>
        <testcase name="Given I am on p-applicant-where-did-the-crime-happen" classname="error-messages-on-mandatory-questions;user-has-not-answered-a-mandatory-question" time="2.824753741">
        </testcase>
        <testcase name="When I have not answered the q-applicant-where-did-the-crime-happen and I click continue" classname="error-messages-on-mandatory-questions;user-has-not-answered-a-mandatory-question" time="0.123169319">
        </testcase>
        <testcase name="Then I will see an Select England, Scotland, Wales or Somewhere else" classname="error-messages-on-mandatory-questions;user-has-not-answered-a-mandatory-question" time="0.046026503">
        </testcase>
    </testsuite>
    <testsuite name="error-messages-on-mandatory-questions;user-has-not-answered-a-mandatory-question" tests="3" failures="0" skipped="0">
        <properties>
            <property name="@MVP" value="true">
            </property>
            <property name="URI" value="c:/CicaOnline/q-definitions/features/Gherkin Mandatory questions.feature">
            </property>
        </properties>
        <testcase name="Given I am on p-applicant-where-in-england-did-it-happen" classname="error-messages-on-mandatory-questions;user-has-not-answered-a-mandatory-question" time="2.872349656">
        </testcase>
        <testcase name="When I have not answered the q-applicant-english-town-or-city and I click continue" classname="error-messages-on-mandatory-questions;user-has-not-answered-a-mandatory-question" time="0.142308131">
        </testcase>
        <testcase name="Then I will see an Enter the town or city where the crime happened" classname="error-messages-on-mandatory-questions;user-has-not-answered-a-mandatory-question" time="0.04684745">
        </testcase>
    </testsuite>
    <testsuite name="error-messages-on-mandatory-questions;user-has-not-answered-a-mandatory-question" tests="3" failures="0" skipped="0">
        <properties>
            <property name="@MVP" value="true">
            </property>
            <property name="URI" value="c:/CicaOnline/q-definitions/features/Gherkin Mandatory questions.feature">
            </property>
        </properties>
        <testcase name="Given I am on p-applicant-where-in-england-did-it-happen" classname="error-messages-on-mandatory-questions;user-has-not-answered-a-mandatory-question" time="2.820424877">
        </testcase>
        <testcase name="When I have not answered the q-applicant-english-location and I click continue" classname="error-messages-on-mandatory-questions;user-has-not-answered-a-mandatory-question" time="0.107207886">
        </testcase>
        <testcase name="Then I will see an Enter the name of a street, business, building or nearby local landmark" classname="error-messages-on-mandatory-questions;user-has-not-answered-a-mandatory-question" time="0.039294942">
        </testcase>
    </testsuite>
    <testsuite name="error-messages-on-mandatory-questions;user-has-not-answered-a-mandatory-question" tests="3" failures="0" skipped="0">
        <properties>
            <property name="@MVP" value="true">
            </property>
            <property name="URI" value="c:/CicaOnline/q-definitions/features/Gherkin Mandatory questions.feature">
            </property>
        </properties>
        <testcase name="Given I am on p-applicant-where-in-scotland-did-it-happen" classname="error-messages-on-mandatory-questions;user-has-not-answered-a-mandatory-question" time="2.826704069">
        </testcase>
        <testcase name="When I have not answered the q-applicant-scottish-town-or-city and I click continue" classname="error-messages-on-mandatory-questions;user-has-not-answered-a-mandatory-question" time="0.131758163">
        </testcase>
        <testcase name="Then I will see an Enter the town or city where the crime happened" classname="error-messages-on-mandatory-questions;user-has-not-answered-a-mandatory-question" time="0.046815578">
        </testcase>
    </testsuite>
    <testsuite name="error-messages-on-mandatory-questions;user-has-not-answered-a-mandatory-question" tests="3" failures="0" skipped="0">
        <properties>
            <property name="@MVP" value="true">
            </property>
            <property name="URI" value="c:/CicaOnline/q-definitions/features/Gherkin Mandatory questions.feature">
            </property>
        </properties>
        <testcase name="Given I am on p-applicant-where-in-scotland-did-it-happen" classname="error-messages-on-mandatory-questions;user-has-not-answered-a-mandatory-question" time="2.858691708">
        </testcase>
        <testcase name="When I have not answered the q-applicant-scottish-location and I click continue" classname="error-messages-on-mandatory-questions;user-has-not-answered-a-mandatory-question" time="0.120982011">
        </testcase>
        <testcase name="Then I will see an Enter the name of a street, business, building or nearby local landmark" classname="error-messages-on-mandatory-questions;user-has-not-answered-a-mandatory-question" time="0.04661304">
        </testcase>
    </testsuite>
    <testsuite name="error-messages-on-mandatory-questions;user-has-not-answered-a-mandatory-question" tests="3" failures="0" skipped="0">
        <properties>
            <property name="@MVP" value="true">
            </property>
            <property name="URI" value="c:/CicaOnline/q-definitions/features/Gherkin Mandatory questions.feature">
            </property>
        </properties>
        <testcase name="Given I am on p-applicant-where-in-wales-did-it-happen" classname="error-messages-on-mandatory-questions;user-has-not-answered-a-mandatory-question" time="2.836168352">
        </testcase>
        <testcase name="When I have not answered the q-applicant-welsh-town-or-city and I click continue" classname="error-messages-on-mandatory-questions;user-has-not-answered-a-mandatory-question" time="0.101031505">
        </testcase>
        <testcase name="Then I will see an Enter the town or city where the crime happened" classname="error-messages-on-mandatory-questions;user-has-not-answered-a-mandatory-question" time="0.039942652">
        </testcase>
    </testsuite>
    <testsuite name="error-messages-on-mandatory-questions;user-has-not-answered-a-mandatory-question" tests="3" failures="0" skipped="0">
        <properties>
            <property name="@MVP" value="true">
            </property>
            <property name="URI" value="c:/CicaOnline/q-definitions/features/Gherkin Mandatory questions.feature">
            </property>
        </properties>
        <testcase name="Given I am on p-applicant-where-in-wales-did-it-happen" classname="error-messages-on-mandatory-questions;user-has-not-answered-a-mandatory-question" time="2.842116492">
        </testcase>
        <testcase name="When I have not answered the q-applicant-welsh-location and I click continue" classname="error-messages-on-mandatory-questions;user-has-not-answered-a-mandatory-question" time="0.126866408">
        </testcase>
        <testcase name="Then I will see an Enter the name of a street, business, building or nearby local landmark" classname="error-messages-on-mandatory-questions;user-has-not-answered-a-mandatory-question" time="0.049533905">
        </testcase>
    </testsuite>
    <testsuite name="error-messages-on-mandatory-questions;user-has-not-answered-a-mandatory-question" tests="3" failures="1" skipped="0">
        <properties>
            <property name="@MVP" value="true">
            </property>
            <property name="URI" value="c:/CicaOnline/q-definitions/features/Gherkin Mandatory questions.feature">
            </property>
        </properties>
        <testcase name="Given I am on p--which-english-police-force-is-investigating-the-crime" classname="error-messages-on-mandatory-questions;user-has-not-answered-a-mandatory-question" time="2.872139922">
        </testcase>
        <testcase name="When I have not answered the q--which-english-police-force-is-investigating-the-crime and I click continue" classname="error-messages-on-mandatory-questions;user-has-not-answered-a-mandatory-question" time="0.114400554">
        </testcase>
        <testcase name="Then I will see an Select a police force from the list" classname="error-messages-on-mandatory-questions;user-has-not-answered-a-mandatory-question" time="10.006844139">
            <failure message="TimeoutError: Waiting for at least one element to be located By(partial link text, Select a police force from the list)">TimeoutError: Waiting for at least one element to be located By(partial link text, Select a police force from the list)
Wait timed out after 10006ms
    at C:\CicaOnline\selenium-cucumber-webdriver\selenium-cucumber-js\node_modules\selenium-webdriver\lib\promise.js:2209:17
    at ManagedPromise.invokeCallback_ (C:\CicaOnline\selenium-cucumber-webdriver\selenium-cucumber-js\node_modules\selenium-webdriver\lib\promise.js:1384:14)
    at TaskQueue.execute_ (C:\CicaOnline\selenium-cucumber-webdriver\selenium-cucumber-js\node_modules\selenium-webdriver\lib\promise.js:3092:14)
    at TaskQueue.executeNext_ (C:\CicaOnline\selenium-cucumber-webdriver\selenium-cucumber-js\node_modules\selenium-webdriver\lib\promise.js:3075:27)
    at asyncRun (C:\CicaOnline\selenium-cucumber-webdriver\selenium-cucumber-js\node_modules\selenium-webdriver\lib\promise.js:2935:27)
    at C:\CicaOnline\selenium-cucumber-webdriver\selenium-cucumber-js\node_modules\selenium-webdriver\lib\promise.js:676:7
    at process._tickCallback (internal/process/next_tick.js:68:7)
From: Task: Waiting for at least one element to be located By(partial link text, Select a police force from the list)
    at scheduleWait (C:\CicaOnline\selenium-cucumber-webdriver\selenium-cucumber-js\node_modules\selenium-webdriver\lib\promise.js:2196:20)
    at ControlFlow.wait (C:\CicaOnline\selenium-cucumber-webdriver\selenium-cucumber-js\node_modules\selenium-webdriver\lib\promise.js:2525:12)
    at thenableWebDriverProxy.wait (C:\CicaOnline\selenium-cucumber-webdriver\selenium-cucumber-js\node_modules\selenium-webdriver\lib\webdriver.js:934:29)
    at createWorld.&lt;anonymous&gt; (c:\CicaOnline\q-definitions\features\step_definitions\mandatory-question-steps.js:20:23)
    at process._tickCallback (internal/process/next_tick.js:61:11)</failure>
        </testcase>
    </testsuite>
    <testsuite name="error-messages-on-mandatory-questions;user-has-not-answered-a-mandatory-question" tests="3" failures="0" skipped="0">
        <properties>
            <property name="@MVP" value="true">
            </property>
            <property name="URI" value="c:/CicaOnline/q-definitions/features/Gherkin Mandatory questions.feature">
            </property>
        </properties>
        <testcase name="Given I am on p--which-police-scotland-division-is-investigating-the-crime" classname="error-messages-on-mandatory-questions;user-has-not-answered-a-mandatory-question" time="2.841803946">
        </testcase>
        <testcase name="When I have not answered the q--which-police-scotland-division-is-investigating-the-crime and I click continue" classname="error-messages-on-mandatory-questions;user-has-not-answered-a-mandatory-question" time="0.097295347">
        </testcase>
        <testcase name="Then I will see an Select a Police Scotland division" classname="error-messages-on-mandatory-questions;user-has-not-answered-a-mandatory-question" time="0.035681129">
        </testcase>
    </testsuite>
    <testsuite name="error-messages-on-mandatory-questions;user-has-not-answered-a-mandatory-question" tests="3" failures="0" skipped="0">
        <properties>
            <property name="@MVP" value="true">
            </property>
            <property name="URI" value="c:/CicaOnline/q-definitions/features/Gherkin Mandatory questions.feature">
            </property>
        </properties>
        <testcase name="Given I am on p--which-welsh-police-force-is-investigating-the-crime" classname="error-messages-on-mandatory-questions;user-has-not-answered-a-mandatory-question" time="2.857318664">
        </testcase>
        <testcase name="When I have not answered the q--which-welsh-police-force-is-investigating-the-crime and I click continue" classname="error-messages-on-mandatory-questions;user-has-not-answered-a-mandatory-question" time="0.138349901">
        </testcase>
        <testcase name="Then I will see an Select a police force" classname="error-messages-on-mandatory-questions;user-has-not-answered-a-mandatory-question" time="0.04208061">
        </testcase>
    </testsuite>
    <testsuite name="error-messages-on-mandatory-questions;user-has-not-answered-a-mandatory-question" tests="3" failures="0" skipped="0">
        <properties>
            <property name="@MVP" value="true">
            </property>
            <property name="URI" value="c:/CicaOnline/q-definitions/features/Gherkin Mandatory questions.feature">
            </property>
        </properties>
        <testcase name="Given I am on p-applicant-select-reasons-for-the-delay-in-reporting-the-crime-to-police" classname="error-messages-on-mandatory-questions;user-has-not-answered-a-mandatory-question" time="2.824262818">
        </testcase>
        <testcase name="When I have not answered the q-applicant-select-reasons-for-the-delay-in-reporting-the-crime-to-police and I click continue" classname="error-messages-on-mandatory-questions;user-has-not-answered-a-mandatory-question" time="0.117450962">
        </testcase>
        <testcase name="Then I will see an Select if you were under 18, unable to report the crime or other reasons" classname="error-messages-on-mandatory-questions;user-has-not-answered-a-mandatory-question" time="0.032421501">
        </testcase>
    </testsuite>
    <testsuite name="error-messages-on-mandatory-questions;user-has-not-answered-a-mandatory-question" tests="3" failures="1" skipped="0">
        <properties>
            <property name="@MVP" value="true">
            </property>
            <property name="URI" value="c:/CicaOnline/q-definitions/features/Gherkin Mandatory questions.feature">
            </property>
        </properties>
        <testcase name="Given I am on p-applicant-select-reasons-for-the-delay-in-reporting-the-crime-to-police" classname="error-messages-on-mandatory-questions;user-has-not-answered-a-mandatory-question" time="2.886245099">
        </testcase>
        <testcase name="When I have not answered the q-applicant-explain-reason-for-delay-reporting and I click continue" classname="error-messages-on-mandatory-questions;user-has-not-answered-a-mandatory-question" time="0.149251997">
        </testcase>
        <testcase name="Then I will see an Explain the reasons for the delay in reporting the crime to the police" classname="error-messages-on-mandatory-questions;user-has-not-answered-a-mandatory-question" time="10.009623639">
            <failure message="TimeoutError: Waiting for at least one element to be located By(partial link text, Explain the reasons for the delay in reporting the crime to the police)">TimeoutError: Waiting for at least one element to be located By(partial link text, Explain the reasons for the delay in reporting the crime to the police)
Wait timed out after 10009ms
    at C:\CicaOnline\selenium-cucumber-webdriver\selenium-cucumber-js\node_modules\selenium-webdriver\lib\promise.js:2209:17
    at ManagedPromise.invokeCallback_ (C:\CicaOnline\selenium-cucumber-webdriver\selenium-cucumber-js\node_modules\selenium-webdriver\lib\promise.js:1384:14)
    at TaskQueue.execute_ (C:\CicaOnline\selenium-cucumber-webdriver\selenium-cucumber-js\node_modules\selenium-webdriver\lib\promise.js:3092:14)
    at TaskQueue.executeNext_ (C:\CicaOnline\selenium-cucumber-webdriver\selenium-cucumber-js\node_modules\selenium-webdriver\lib\promise.js:3075:27)
    at asyncRun (C:\CicaOnline\selenium-cucumber-webdriver\selenium-cucumber-js\node_modules\selenium-webdriver\lib\promise.js:2935:27)
    at C:\CicaOnline\selenium-cucumber-webdriver\selenium-cucumber-js\node_modules\selenium-webdriver\lib\promise.js:676:7
    at process._tickCallback (internal/process/next_tick.js:68:7)
From: Task: Waiting for at least one element to be located By(partial link text, Explain the reasons for the delay in reporting the crime to the police)
    at scheduleWait (C:\CicaOnline\selenium-cucumber-webdriver\selenium-cucumber-js\node_modules\selenium-webdriver\lib\promise.js:2196:20)
    at ControlFlow.wait (C:\CicaOnline\selenium-cucumber-webdriver\selenium-cucumber-js\node_modules\selenium-webdriver\lib\promise.js:2525:12)
    at thenableWebDriverProxy.wait (C:\CicaOnline\selenium-cucumber-webdriver\selenium-cucumber-js\node_modules\selenium-webdriver\lib\webdriver.js:934:29)
    at createWorld.&lt;anonymous&gt; (c:\CicaOnline\q-definitions\features\step_definitions\mandatory-question-steps.js:20:23)
    at process._tickCallback (internal/process/next_tick.js:61:11)</failure>
        </testcase>
    </testsuite>
    <testsuite name="error-messages-on-mandatory-questions;user-has-not-answered-a-mandatory-question" tests="3" failures="0" skipped="0">
        <properties>
            <property name="@MVP" value="true">
            </property>
            <property name="URI" value="c:/CicaOnline/q-definitions/features/Gherkin Mandatory questions.feature">
            </property>
        </properties>
        <testcase name="Given I am on p-offender-do-you-know-the-name-of-the-offender" classname="error-messages-on-mandatory-questions;user-has-not-answered-a-mandatory-question" time="2.772077413">
        </testcase>
        <testcase name="When I have not answered the q-offender-do-you-know-the-name-of-the-offender and I click continue" classname="error-messages-on-mandatory-questions;user-has-not-answered-a-mandatory-question" time="0.10733023">
        </testcase>
        <testcase name="Then I will see an Select yes if you know the offender&apos;s name" classname="error-messages-on-mandatory-questions;user-has-not-answered-a-mandatory-question" time="0.025158406">
        </testcase>
    </testsuite>
    <testsuite name="error-messages-on-mandatory-questions;user-has-not-answered-a-mandatory-question" tests="3" failures="0" skipped="0">
        <properties>
            <property name="@MVP" value="true">
            </property>
            <property name="URI" value="c:/CicaOnline/q-definitions/features/Gherkin Mandatory questions.feature">
            </property>
        </properties>
        <testcase name="Given I am on p-offender-enter-offenders-name" classname="error-messages-on-mandatory-questions;user-has-not-answered-a-mandatory-question" time="2.819335079">
        </testcase>
        <testcase name="When I have not answered the q-offender-enter-offenders-name and I click continue" classname="error-messages-on-mandatory-questions;user-has-not-answered-a-mandatory-question" time="0.120665866">
        </testcase>
        <testcase name="Then I will see an Enter the offender&apos;s name" classname="error-messages-on-mandatory-questions;user-has-not-answered-a-mandatory-question" time="0.034000167">
        </testcase>
    </testsuite>
    <testsuite name="error-messages-on-mandatory-questions;user-has-not-answered-a-mandatory-question" tests="3" failures="0" skipped="0">
        <properties>
            <property name="@MVP" value="true">
            </property>
            <property name="URI" value="c:/CicaOnline/q-definitions/features/Gherkin Mandatory questions.feature">
            </property>
        </properties>
        <testcase name="Given I am on p-applicant-have-you-applied-to-us-before" classname="error-messages-on-mandatory-questions;user-has-not-answered-a-mandatory-question" time="2.751192352">
        </testcase>
        <testcase name="When I have not answered the q-applicant-have-you-applied-to-us-before and I click continue" classname="error-messages-on-mandatory-questions;user-has-not-answered-a-mandatory-question" time="0.113204861">
        </testcase>
        <testcase name="Then I will see an Select yes if you have applied to us before" classname="error-messages-on-mandatory-questions;user-has-not-answered-a-mandatory-question" time="0.02850234">
        </testcase>
    </testsuite>
    <testsuite name="error-messages-on-mandatory-questions;user-has-not-answered-a-mandatory-question" tests="3" failures="0" skipped="0">
        <properties>
            <property name="@MVP" value="true">
            </property>
            <property name="URI" value="c:/CicaOnline/q-definitions/features/Gherkin Mandatory questions.feature">
            </property>
        </properties>
        <testcase name="Given I am on p-applicant-have-you-applied-for-or-received-any-other-compensation" classname="error-messages-on-mandatory-questions;user-has-not-answered-a-mandatory-question" time="2.815010842">
        </testcase>
        <testcase name="When I have not answered the q-applicant-have-you-applied-for-or-received-any-other-compensation and I click continue" classname="error-messages-on-mandatory-questions;user-has-not-answered-a-mandatory-question" time="0.131297569">
        </testcase>
        <testcase name="Then I will see an Select yes if you have applied for or received another form of compensation" classname="error-messages-on-mandatory-questions;user-has-not-answered-a-mandatory-question" time="0.0407636">
        </testcase>
    </testsuite>
    <testsuite name="error-messages-on-mandatory-questions;user-has-not-answered-a-mandatory-question" tests="3" failures="0" skipped="0">
        <properties>
            <property name="@MVP" value="true">
            </property>
            <property name="URI" value="c:/CicaOnline/q-definitions/features/Gherkin Mandatory questions.feature">
            </property>
        </properties>
        <testcase name="Given I am on p-applicant-have-you-applied-for-or-received-any-other-compensation" classname="error-messages-on-mandatory-questions;user-has-not-answered-a-mandatory-question" time="2.818411835">
        </testcase>
        <testcase name="When I have not answered the q-applicant-applied-for-other-compensation-briefly-explain-why-not and I click continue" classname="error-messages-on-mandatory-questions;user-has-not-answered-a-mandatory-question" time="0.126081959">
        </testcase>
        <testcase name="Then I will see an Explain why you did not apply for or receive any other form of compensation" classname="error-messages-on-mandatory-questions;user-has-not-answered-a-mandatory-question" time="0.047129667">
        </testcase>
    </testsuite>
    <testsuite name="error-messages-on-mandatory-questions;user-has-not-answered-a-mandatory-question" tests="3" failures="0" skipped="0">
        <properties>
            <property name="@MVP" value="true">
            </property>
            <property name="URI" value="c:/CicaOnline/q-definitions/features/Gherkin Mandatory questions.feature">
            </property>
        </properties>
        <testcase name="Given I am on p-applicant-other-compensation-details" classname="error-messages-on-mandatory-questions;user-has-not-answered-a-mandatory-question" time="2.840895094">
        </testcase>
        <testcase name="When I have not answered the q-applicant-who-did-you-apply-to and I click continue" classname="error-messages-on-mandatory-questions;user-has-not-answered-a-mandatory-question" time="0.116293308">
        </testcase>
        <testcase name="Then I will see an Enter who you applied to or received compensation from" classname="error-messages-on-mandatory-questions;user-has-not-answered-a-mandatory-question" time="0.035526398">
        </testcase>
    </testsuite>
    <testsuite name="error-messages-on-mandatory-questions;user-has-not-answered-a-mandatory-question" tests="3" failures="0" skipped="0">
        <properties>
            <property name="@MVP" value="true">
            </property>
            <property name="URI" value="c:/CicaOnline/q-definitions/features/Gherkin Mandatory questions.feature">
            </property>
        </properties>
        <testcase name="Given I am on p-applicant-other-compensation-details" classname="error-messages-on-mandatory-questions;user-has-not-answered-a-mandatory-question" time="2.844399928">
        </testcase>
        <testcase name="When I have not answered the q-applicant-has-a-decision-been-made and I click continue" classname="error-messages-on-mandatory-questions;user-has-not-answered-a-mandatory-question" time="0.106939034">
        </testcase>
        <testcase name="Then I will see an Select yes if you have received a decision about the other compensation claim" classname="error-messages-on-mandatory-questions;user-has-not-answered-a-mandatory-question" time="0.046485554">
        </testcase>
    </testsuite>
    <testsuite name="error-messages-on-mandatory-questions;user-has-not-answered-a-mandatory-question" tests="3" failures="0" skipped="0">
        <properties>
            <property name="@MVP" value="true">
            </property>
            <property name="URI" value="c:/CicaOnline/q-definitions/features/Gherkin Mandatory questions.feature">
            </property>
        </properties>
        <testcase name="Given I am on p-applicant-other-compensation-details" classname="error-messages-on-mandatory-questions;user-has-not-answered-a-mandatory-question" time="2.850836935">
        </testcase>
        <testcase name="When I have not answered the q-how-much-was-award and I click continue" classname="error-messages-on-mandatory-questions;user-has-not-answered-a-mandatory-question" time="0.108757249">
        </testcase>
        <testcase name="Then I will see an Enter an amount" classname="error-messages-on-mandatory-questions;user-has-not-answered-a-mandatory-question" time="0.041460659">
        </testcase>
    </testsuite>
    <testsuite name="error-messages-on-mandatory-questions;user-has-not-answered-a-mandatory-question" tests="3" failures="0" skipped="0">
        <properties>
            <property name="@MVP" value="true">
            </property>
            <property name="URI" value="c:/CicaOnline/q-definitions/features/Gherkin Mandatory questions.feature">
            </property>
        </properties>
        <testcase name="Given I am on p-applicant-other-compensation-details" classname="error-messages-on-mandatory-questions;user-has-not-answered-a-mandatory-question" time="2.832574073">
        </testcase>
        <testcase name="When I have not answered the q-when-will-you-find-out and I click continue" classname="error-messages-on-mandatory-questions;user-has-not-answered-a-mandatory-question" time="0.148099484">
        </testcase>
        <testcase name="Then I will see an Enter an approximate date" classname="error-messages-on-mandatory-questions;user-has-not-answered-a-mandatory-question" time="0.036762188">
        </testcase>
    </testsuite>
    <testsuite name="error-messages-on-mandatory-questions;user-has-not-answered-a-mandatory-question" tests="3" failures="1" skipped="0">
        <properties>
            <property name="@MVP" value="true">
            </property>
            <property name="URI" value="c:/CicaOnline/q-definitions/features/Gherkin Mandatory questions.feature">
            </property>
        </properties>
        <testcase name="Given I am on p-applicant-enter-your-name" classname="error-messages-on-mandatory-questions;user-has-not-answered-a-mandatory-question" time="2.84096038">
        </testcase>
        <testcase name="When I have not answered the q-applicant-title and I click continue" classname="error-messages-on-mandatory-questions;user-has-not-answered-a-mandatory-question" time="0.126434601">
        </testcase>
        <testcase name="Then I will see an Enter your title" classname="error-messages-on-mandatory-questions;user-has-not-answered-a-mandatory-question" time="10.004016832">
            <failure message="TimeoutError: Waiting for at least one element to be located By(partial link text, Enter your title)">TimeoutError: Waiting for at least one element to be located By(partial link text, Enter your title)
Wait timed out after 10003ms
    at C:\CicaOnline\selenium-cucumber-webdriver\selenium-cucumber-js\node_modules\selenium-webdriver\lib\promise.js:2209:17
    at ManagedPromise.invokeCallback_ (C:\CicaOnline\selenium-cucumber-webdriver\selenium-cucumber-js\node_modules\selenium-webdriver\lib\promise.js:1384:14)
    at TaskQueue.execute_ (C:\CicaOnline\selenium-cucumber-webdriver\selenium-cucumber-js\node_modules\selenium-webdriver\lib\promise.js:3092:14)
    at TaskQueue.executeNext_ (C:\CicaOnline\selenium-cucumber-webdriver\selenium-cucumber-js\node_modules\selenium-webdriver\lib\promise.js:3075:27)
    at asyncRun (C:\CicaOnline\selenium-cucumber-webdriver\selenium-cucumber-js\node_modules\selenium-webdriver\lib\promise.js:2935:27)
    at C:\CicaOnline\selenium-cucumber-webdriver\selenium-cucumber-js\node_modules\selenium-webdriver\lib\promise.js:676:7
    at process._tickCallback (internal/process/next_tick.js:68:7)
From: Task: Waiting for at least one element to be located By(partial link text, Enter your title)
    at scheduleWait (C:\CicaOnline\selenium-cucumber-webdriver\selenium-cucumber-js\node_modules\selenium-webdriver\lib\promise.js:2196:20)
    at ControlFlow.wait (C:\CicaOnline\selenium-cucumber-webdriver\selenium-cucumber-js\node_modules\selenium-webdriver\lib\promise.js:2525:12)
    at thenableWebDriverProxy.wait (C:\CicaOnline\selenium-cucumber-webdriver\selenium-cucumber-js\node_modules\selenium-webdriver\lib\webdriver.js:934:29)
    at createWorld.&lt;anonymous&gt; (c:\CicaOnline\q-definitions\features\step_definitions\mandatory-question-steps.js:20:23)
    at process._tickCallback (internal/process/next_tick.js:61:11)</failure>
        </testcase>
    </testsuite>
    <testsuite name="error-messages-on-mandatory-questions;user-has-not-answered-a-mandatory-question" tests="3" failures="0" skipped="0">
        <properties>
            <property name="@MVP" value="true">
            </property>
            <property name="URI" value="c:/CicaOnline/q-definitions/features/Gherkin Mandatory questions.feature">
            </property>
        </properties>
        <testcase name="Given I am on p-applicant-enter-your-name" classname="error-messages-on-mandatory-questions;user-has-not-answered-a-mandatory-question" time="2.832437334">
        </testcase>
        <testcase name="When I have not answered the q-applicant-first-name and I click continue" classname="error-messages-on-mandatory-questions;user-has-not-answered-a-mandatory-question" time="0.112705713">
        </testcase>
        <testcase name="Then I will see an Enter your first name" classname="error-messages-on-mandatory-questions;user-has-not-answered-a-mandatory-question" time="0.028606179">
        </testcase>
    </testsuite>
    <testsuite name="error-messages-on-mandatory-questions;user-has-not-answered-a-mandatory-question" tests="3" failures="0" skipped="0">
        <properties>
            <property name="@MVP" value="true">
            </property>
            <property name="URI" value="c:/CicaOnline/q-definitions/features/Gherkin Mandatory questions.feature">
            </property>
        </properties>
        <testcase name="Given I am on p-applicant-enter-your-name" classname="error-messages-on-mandatory-questions;user-has-not-answered-a-mandatory-question" time="2.841911383">
        </testcase>
        <testcase name="When I have not answered the q-applicant-last-name and I click continue" classname="error-messages-on-mandatory-questions;user-has-not-answered-a-mandatory-question" time="0.126062939">
        </testcase>
        <testcase name="Then I will see an Enter your last name" classname="error-messages-on-mandatory-questions;user-has-not-answered-a-mandatory-question" time="0.034354865">
        </testcase>
    </testsuite>
    <testsuite name="error-messages-on-mandatory-questions;user-has-not-answered-a-mandatory-question" tests="3" failures="0" skipped="0">
        <properties>
            <property name="@MVP" value="true">
            </property>
            <property name="URI" value="c:/CicaOnline/q-definitions/features/Gherkin Mandatory questions.feature">
            </property>
        </properties>
        <testcase name="Given I am on p-applicant-have-you-been-known-by-any-other-names" classname="error-messages-on-mandatory-questions;user-has-not-answered-a-mandatory-question" time="2.810998122">
        </testcase>
        <testcase name="When I have not answered the q-applicant-have-you-been-known-by-any-other-names and I click continue" classname="error-messages-on-mandatory-questions;user-has-not-answered-a-mandatory-question" time="0.118847651">
        </testcase>
        <testcase name="Then I will see an Select yes if you have been known by any other names" classname="error-messages-on-mandatory-questions;user-has-not-answered-a-mandatory-question" time="0.038218508">
        </testcase>
    </testsuite>
    <testsuite name="error-messages-on-mandatory-questions;user-has-not-answered-a-mandatory-question" tests="3" failures="0" skipped="0">
        <properties>
            <property name="@MVP" value="true">
            </property>
            <property name="URI" value="c:/CicaOnline/q-definitions/features/Gherkin Mandatory questions.feature">
            </property>
        </properties>
        <testcase name="Given I am on p-applicant-what-other-names-have-you-used" classname="error-messages-on-mandatory-questions;user-has-not-answered-a-mandatory-question" time="2.820691673">
        </testcase>
        <testcase name="When I have not answered the q-applicant-what-other-names-have-you-used and I click continue" classname="error-messages-on-mandatory-questions;user-has-not-answered-a-mandatory-question" time="0.12526461">
        </testcase>
        <testcase name="Then I will see an Enter the other names you have used" classname="error-messages-on-mandatory-questions;user-has-not-answered-a-mandatory-question" time="0.040442315">
        </testcase>
    </testsuite>
    <testsuite name="error-messages-on-mandatory-questions;user-has-not-answered-a-mandatory-question" tests="3" failures="0" skipped="0">
        <properties>
            <property name="@MVP" value="true">
            </property>
            <property name="URI" value="c:/CicaOnline/q-definitions/features/Gherkin Mandatory questions.feature">
            </property>
        </properties>
        <testcase name="Given I am on p-applicant-enter-your-date-of-birth" classname="error-messages-on-mandatory-questions;user-has-not-answered-a-mandatory-question" time="2.83691219">
        </testcase>
        <testcase name="When I have not answered the q-applicant-enter-your-date-of-birth and I click continue" classname="error-messages-on-mandatory-questions;user-has-not-answered-a-mandatory-question" time="0.108429282">
        </testcase>
        <testcase name="Then I will see an Enter your date of birth" classname="error-messages-on-mandatory-questions;user-has-not-answered-a-mandatory-question" time="0.036766815">
        </testcase>
    </testsuite>
    <testsuite name="error-messages-on-mandatory-questions;user-has-not-answered-a-mandatory-question" tests="3" failures="0" skipped="0">
        <properties>
            <property name="@MVP" value="true">
            </property>
            <property name="URI" value="c:/CicaOnline/q-definitions/features/Gherkin Mandatory questions.feature">
            </property>
        </properties>
        <testcase name="Given I am on p-applicant-enter-your-email-address" classname="error-messages-on-mandatory-questions;user-has-not-answered-a-mandatory-question" time="2.85307719">
        </testcase>
        <testcase name="When I have not answered the q-applicant-enter-your-email-address and I click continue" classname="error-messages-on-mandatory-questions;user-has-not-answered-a-mandatory-question" time="0.120063393">
        </testcase>
        <testcase name="Then I will see an Enter your email address" classname="error-messages-on-mandatory-questions;user-has-not-answered-a-mandatory-question" time="0.042093976">
        </testcase>
    </testsuite>
    <testsuite name="error-messages-on-mandatory-questions;user-has-not-answered-a-mandatory-question" tests="3" failures="0" skipped="0">
        <properties>
            <property name="@MVP" value="true">
            </property>
            <property name="URI" value="c:/CicaOnline/q-definitions/features/Gherkin Mandatory questions.feature">
            </property>
        </properties>
        <testcase name="Given I am on p-applicant-enter-your-address" classname="error-messages-on-mandatory-questions;user-has-not-answered-a-mandatory-question" time="2.833732754">
        </testcase>
        <testcase name="When I have not answered the q-applicant-building-and-street and I click continue" classname="error-messages-on-mandatory-questions;user-has-not-answered-a-mandatory-question" time="0.117391845">
        </testcase>
        <testcase name="Then I will see an Enter the building and street where you live" classname="error-messages-on-mandatory-questions;user-has-not-answered-a-mandatory-question" time="0.030920458">
        </testcase>
    </testsuite>
    <testsuite name="error-messages-on-mandatory-questions;user-has-not-answered-a-mandatory-question" tests="3" failures="0" skipped="0">
        <properties>
            <property name="@MVP" value="true">
            </property>
            <property name="URI" value="c:/CicaOnline/q-definitions/features/Gherkin Mandatory questions.feature">
            </property>
        </properties>
        <testcase name="Given I am on p-applicant-enter-your-address" classname="error-messages-on-mandatory-questions;user-has-not-answered-a-mandatory-question" time="2.841612716">
        </testcase>
        <testcase name="When I have not answered the q-applicant-building-and-street-2 and I click continue" classname="error-messages-on-mandatory-questions;user-has-not-answered-a-mandatory-question" time="0.120648903">
        </testcase>
        <testcase name="Then I will see an Enter the building and street where you live" classname="error-messages-on-mandatory-questions;user-has-not-answered-a-mandatory-question" time="0.027675224">
        </testcase>
    </testsuite>
    <testsuite name="error-messages-on-mandatory-questions;user-has-not-answered-a-mandatory-question" tests="3" failures="0" skipped="0">
        <properties>
            <property name="@MVP" value="true">
            </property>
            <property name="URI" value="c:/CicaOnline/q-definitions/features/Gherkin Mandatory questions.feature">
            </property>
        </properties>
        <testcase name="Given I am on p-applicant-enter-your-address" classname="error-messages-on-mandatory-questions;user-has-not-answered-a-mandatory-question" time="2.821721326">
        </testcase>
        <testcase name="When I have not answered the q-applicant-town-or-city and I click continue" classname="error-messages-on-mandatory-questions;user-has-not-answered-a-mandatory-question" time="0.132338532">
        </testcase>
        <testcase name="Then I will see an Enter the town or city where you live" classname="error-messages-on-mandatory-questions;user-has-not-answered-a-mandatory-question" time="0.03410452">
        </testcase>
    </testsuite>
    <testsuite name="error-messages-on-mandatory-questions;user-has-not-answered-a-mandatory-question" tests="3" failures="0" skipped="0">
        <properties>
            <property name="@MVP" value="true">
            </property>
            <property name="URI" value="c:/CicaOnline/q-definitions/features/Gherkin Mandatory questions.feature">
            </property>
        </properties>
        <testcase name="Given I am on p-applicant-enter-your-telephone-number" classname="error-messages-on-mandatory-questions;user-has-not-answered-a-mandatory-question" time="2.82755843">
        </testcase>
        <testcase name="When I have not answered the q-applicant-enter-your-telephone-number and I click continue" classname="error-messages-on-mandatory-questions;user-has-not-answered-a-mandatory-question" time="0.121085337">
        </testcase>
        <testcase name="Then I will see an Enter a telephone number, like 01632 960 001, 07700 900 982 or +44 0808 157 0192" classname="error-messages-on-mandatory-questions;user-has-not-answered-a-mandatory-question" time="0.045864061">
        </testcase>
    </testsuite>
</testsuites>